Flow report for mux
Mon Feb 25 17:24:35 2019
Quartus II Version 9.1 Build 350 03/24/2010 Service Pack 2 SJ Web Edition


---------------------
; Table of Contents ;
---------------------
  1. Legal Notice
  2. Flow Summary
  3. Flow Settings
  4. Flow Non-Default Global Settings
  5. Flow Elapsed Time
  6. Flow OS Summary
  7. Flow Log



----------------
; Legal Notice ;
----------------
Copyright (C) 1991-2010 Altera Corporation
Your use of Altera Corporation's design tools, logic functions 
and other software and tools, and its AMPP partner logic 
functions, and any output files from any of the foregoing 
(including device programming or simulation files), and any 
associated documentation or information are expressly subject 
to the terms and conditions of the Altera Program License 
Subscription Agreement, Altera MegaCore Function License 
Agreement, or other applicable license agreement, including, 
without limitation, that your use is for the sole purpose of 
programming logic devices manufactured by Altera and sold by 
Altera or its authorized distributors.  Please refer to the 
applicable agreement for further details.



+-----------------------------------------------------------------------------------+
; Flow Summary                                                                      ;
+------------------------------------+----------------------------------------------+
; Flow Status                        ; Successful - Mon Feb 25 17:24:35 2019        ;
; Quartus II Version                 ; 9.1 Build 350 03/24/2010 SP 2 SJ Web Edition ;
; Revision Name                      ; mux                                          ;
; Top-level Entity Name              ; mux                                          ;
; Family                             ; Cyclone IV GX                                ;
; Met timing requirements            ; N/A                                          ;
; Total logic elements               ; 4 / 14,400 ( < 1 % )                         ;
;     Total combinational functions  ; 4 / 14,400 ( < 1 % )                         ;
;     Dedicated logic registers      ; 0 / 14,400 ( 0 % )                           ;
; Total registers                    ; 0                                            ;
; Total pins                         ; 14 / 81 ( 17 % )                             ;
; Total virtual pins                 ; 0                                            ;
; Total memory bits                  ; 0 / 552,960 ( 0 % )                          ;
; Embedded Multiplier 9-bit elements ; 0                                            ;
; Total GXB Receiver Channel PCS     ; 0 / 2 ( 0 % )                                ;
; Total GXB Receiver Channel PMA     ; 0 / 2 ( 0 % )                                ;
; Total GXB Transmitter Channel PCS  ; 0 / 2 ( 0 % )                                ;
; Total GXB Transmitter Channel PMA  ; 0 / 2 ( 0 % )                                ;
; Total PLLs                         ; 0 / 3 ( 0 % )                                ;
; Device                             ; EP4CGX15BF14C6                               ;
; Timing Models                      ; Preliminary                                  ;
+------------------------------------+----------------------------------------------+


+-----------------------------------------+
; Flow Settings                           ;
+-------------------+---------------------+
; Option            ; Setting             ;
+-------------------+---------------------+
; Start date & time ; 02/25/2019 17:24:27 ;
; Main task         ; Compilation         ;
; Revision Name     ; mux                 ;
+-------------------+---------------------+


+-----------------------------------------------------------------------------------------------------------------------+
; Flow Non-Default Global Settings                                                                                      ;
+--------------------------------------+---------------------------------+---------------+-------------+----------------+
; Assignment Name                      ; Value                           ; Default Value ; Entity Name ; Section Id     ;
+--------------------------------------+---------------------------------+---------------+-------------+----------------+
; COMPILER_SIGNATURE_ID                ; 145361406741687.155112626734644 ; --            ; --          ; --             ;
; EDA_DESIGN_INSTANCE_NAME             ; mux2_tb                         ; --            ; --          ; mux2_tb        ;
; EDA_NATIVELINK_SIMULATION_TEST_BENCH ; mux2_tb                         ; --            ; --          ; eda_simulation ;
; EDA_OUTPUT_DATA_FORMAT               ; Verilog Hdl                     ; --            ; --          ; eda_simulation ;
; EDA_SIMULATION_TOOL                  ; ModelSim-Altera (Verilog)       ; <None>        ; --          ; --             ;
; EDA_TEST_BENCH_ENABLE_STATUS         ; TEST_BENCH_MODE                 ; --            ; --          ; eda_simulation ;
; EDA_TEST_BENCH_FILE                  ; testbench/mux2_tb.sv            ; --            ; --          ; mux2_tb        ;
; EDA_TEST_BENCH_MODULE_NAME           ; mux2_tb                         ; --            ; --          ; mux2_tb        ;
; EDA_TEST_BENCH_NAME                  ; mux2_tb                         ; --            ; --          ; eda_simulation ;
; EDA_TIME_SCALE                       ; 1 ps                            ; --            ; --          ; eda_simulation ;
; PARTITION_COLOR                      ; 16764057                        ; --            ; --          ; Top            ;
; PARTITION_NETLIST_TYPE               ; SOURCE                          ; --            ; --          ; Top            ;
; USE_GENERATED_PHYSICAL_CONSTRAINTS   ; Off                             ; --            ; --          ; eda_blast_fpga ;
+--------------------------------------+---------------------------------+---------------+-------------+----------------+


+-------------------------------------------------------------------------------------------------------------------------------+
; Flow Elapsed Time                                                                                                             ;
+---------------------------+--------------+-------------------------+---------------------+------------------------------------+
; Module Name               ; Elapsed Time ; Average Processors Used ; Peak Virtual Memory ; Total CPU Time (on all processors) ;
+---------------------------+--------------+-------------------------+---------------------+------------------------------------+
; Analysis & Synthesis      ; 00:00:00     ; 1.0                     ; 209 MB              ; 00:00:01                           ;
; Fitter                    ; 00:00:03     ; 1.0                     ; 266 MB              ; 00:00:03                           ;
; TimeQuest Timing Analyzer ; 00:00:01     ; 1.0                     ; 214 MB              ; 00:00:01                           ;
; Assembler                 ; 00:00:01     ; 1.0                     ; 215 MB              ; 00:00:01                           ;
; EDA Netlist Writer        ; 00:00:01     ; 1.0                     ; 173 MB              ; 00:00:01                           ;
; Total                     ; 00:00:05     ; --                      ; --                  ; 00:00:06                           ;
+---------------------------+--------------+-------------------------+---------------------+------------------------------------+


+--------------------------------------------------------------------------------------------+
; Flow OS Summary                                                                            ;
+---------------------------+------------------+---------------+------------+----------------+
; Module Name               ; Machine Hostname ; OS Name       ; OS Version ; Processor type ;
+---------------------------+------------------+---------------+------------+----------------+
; Analysis & Synthesis      ; CI-HP            ; Windows Vista ; 6.1        ; x86_64         ;
; Fitter                    ; CI-HP            ; Windows Vista ; 6.1        ; x86_64         ;
; Assembler                 ; CI-HP            ; Windows Vista ; 6.1        ; x86_64         ;
; TimeQuest Timing Analyzer ; CI-HP            ; Windows Vista ; 6.1        ; x86_64         ;
; EDA Netlist Writer        ; CI-HP            ; Windows Vista ; 6.1        ; x86_64         ;
+---------------------------+------------------+---------------+------------+----------------+


------------
; Flow Log ;
------------
quartus_map --read_settings_files=on --write_settings_files=off mux -c mux
quartus_fit --read_settings_files=off --write_settings_files=off mux -c mux
quartus_asm --read_settings_files=off --write_settings_files=off mux -c mux
quartus_sta mux -c mux
quartus_eda --read_settings_files=off --write_settings_files=off mux -c mux



