Flow report for flopenr32
Mon Apr 15 23:02:36 2019
Quartus II 32-bit Version 12.0 Build 178 05/31/2012 SJ Web Edition


---------------------
; Table of Contents ;
---------------------
  1. Legal Notice
  2. Flow Summary
  3. Flow Settings
  4. Flow Non-Default Global Settings
  5. Flow Elapsed Time
  6. Flow OS Summary
  7. Flow Log



----------------
; Legal Notice ;
----------------
Copyright (C) 1991-2012 Altera Corporation
Your use of Altera Corporation's design tools, logic functions 
and other software and tools, and its AMPP partner logic 
functions, and any output files from any of the foregoing 
(including device programming or simulation files), and any 
associated documentation or information are expressly subject 
to the terms and conditions of the Altera Program License 
Subscription Agreement, Altera MegaCore Function License 
Agreement, or other applicable license agreement, including, 
without limitation, that your use is for the sole purpose of 
programming logic devices manufactured by Altera and sold by 
Altera or its authorized distributors.  Please refer to the 
applicable agreement for further details.



+-------------------------------------------------------------------------------+
; Flow Summary                                                                  ;
+------------------------------------+------------------------------------------+
; Flow Status                        ; Successful - Mon Apr 15 23:02:36 2019    ;
; Quartus II 32-bit Version          ; 12.0 Build 178 05/31/2012 SJ Web Edition ;
; Revision Name                      ; flopenr32                                ;
; Top-level Entity Name              ; flopenr32                                ;
; Family                             ; Cyclone IV GX                            ;
; Total logic elements               ; 32 / 21,280 ( < 1 % )                    ;
;     Total combinational functions  ; 0 / 21,280 ( 0 % )                       ;
;     Dedicated logic registers      ; 32 / 21,280 ( < 1 % )                    ;
; Total registers                    ; 32                                       ;
; Total pins                         ; 67 / 167 ( 40 % )                        ;
; Total virtual pins                 ; 0                                        ;
; Total memory bits                  ; 0 / 774,144 ( 0 % )                      ;
; Embedded Multiplier 9-bit elements ; 0 / 80 ( 0 % )                           ;
; Total GXB Receiver Channel PCS     ; 0 / 4 ( 0 % )                            ;
; Total GXB Receiver Channel PMA     ; 0 / 4 ( 0 % )                            ;
; Total GXB Transmitter Channel PCS  ; 0 / 4 ( 0 % )                            ;
; Total GXB Transmitter Channel PMA  ; 0 / 4 ( 0 % )                            ;
; Total PLLs                         ; 0 / 4 ( 0 % )                            ;
; Device                             ; EP4CGX22CF19C6                           ;
; Timing Models                      ; Final                                    ;
+------------------------------------+------------------------------------------+


+-----------------------------------------+
; Flow Settings                           ;
+-------------------+---------------------+
; Option            ; Setting             ;
+-------------------+---------------------+
; Start date & time ; 04/15/2019 23:00:56 ;
; Main task         ; Compilation         ;
; Revision Name     ; flopenr32           ;
+-------------------+---------------------+


+-----------------------------------------------------------------------------------------------------------------------------+
; Flow Non-Default Global Settings                                                                                            ;
+--------------------------------------+---------------------------------+---------------+-------------+----------------------+
; Assignment Name                      ; Value                           ; Default Value ; Entity Name ; Section Id           ;
+--------------------------------------+---------------------------------+---------------+-------------+----------------------+
; COMPILER_SIGNATURE_ID                ; 141761633997668.155538005506312 ; --            ; --          ; --                   ;
; EDA_DESIGN_ENTRY_SYNTHESIS_TOOL      ; Design Compiler                 ; <None>        ; --          ; --                   ;
; EDA_DESIGN_INSTANCE_NAME             ; duv                             ; --            ; --          ; flopenr32_tb         ;
; EDA_INPUT_DATA_FORMAT                ; Verilog Hdl                     ; --            ; --          ; eda_design_synthesis ;
; EDA_INPUT_VCC_NAME                   ; Vdd                             ; --            ; --          ; eda_design_synthesis ;
; EDA_LMF_FILE                         ; altsyn.lmf                      ; --            ; --          ; eda_design_synthesis ;
; EDA_NATIVELINK_SIMULATION_TEST_BENCH ; flopenr32_tb                    ; --            ; --          ; eda_simulation       ;
; EDA_OUTPUT_DATA_FORMAT               ; Systemverilog Hdl               ; --            ; --          ; eda_simulation       ;
; EDA_SIMULATION_TOOL                  ; ModelSim-Altera (SystemVerilog) ; <None>        ; --          ; --                   ;
; EDA_TEST_BENCH_ENABLE_STATUS         ; TEST_BENCH_MODE                 ; --            ; --          ; eda_simulation       ;
; EDA_TEST_BENCH_FILE                  ; Testbench/flopenr32_tb.sv       ; --            ; --          ; flopenr32_tb         ;
; EDA_TEST_BENCH_MODULE_NAME           ; flopenr32_tb                    ; --            ; --          ; flopenr32_tb         ;
; EDA_TEST_BENCH_NAME                  ; flopenr32_tb                    ; --            ; --          ; eda_simulation       ;
; EDA_TIME_SCALE                       ; 1 ps                            ; --            ; --          ; eda_simulation       ;
; PARTITION_COLOR                      ; 16764057                        ; --            ; --          ; Top                  ;
; PARTITION_FITTER_PRESERVATION_LEVEL  ; PLACEMENT_AND_ROUTING           ; --            ; --          ; Top                  ;
; PARTITION_NETLIST_TYPE               ; SOURCE                          ; --            ; --          ; Top                  ;
+--------------------------------------+---------------------------------+---------------+-------------+----------------------+


+-------------------------------------------------------------------------------------------------------------------------------+
; Flow Elapsed Time                                                                                                             ;
+---------------------------+--------------+-------------------------+---------------------+------------------------------------+
; Module Name               ; Elapsed Time ; Average Processors Used ; Peak Virtual Memory ; Total CPU Time (on all processors) ;
+---------------------------+--------------+-------------------------+---------------------+------------------------------------+
; Analysis & Synthesis      ; 00:00:10     ; 1.0                     ; 388 MB              ; 00:00:09                           ;
; Fitter                    ; 00:00:37     ; 1.0                     ; 548 MB              ; 00:00:32                           ;
; Assembler                 ; 00:00:21     ; 1.0                     ; 396 MB              ; 00:00:12                           ;
; TimeQuest Timing Analyzer ; 00:00:30     ; 1.0                     ; 398 MB              ; 00:00:15                           ;
; EDA Netlist Writer        ; 00:00:12     ; 1.0                     ; 354 MB              ; 00:00:09                           ;
; Total                     ; 00:01:50     ; --                      ; --                  ; 00:01:17                           ;
+---------------------------+--------------+-------------------------+---------------------+------------------------------------+


+----------------------------------------------------------------------------------------+
; Flow OS Summary                                                                        ;
+---------------------------+------------------+-----------+------------+----------------+
; Module Name               ; Machine Hostname ; OS Name   ; OS Version ; Processor type ;
+---------------------------+------------------+-----------+------------+----------------+
; Analysis & Synthesis      ; DESKTOP-8740VKP  ; Windows 7 ; 6.2        ; x86_64         ;
; Fitter                    ; DESKTOP-8740VKP  ; Windows 7 ; 6.2        ; x86_64         ;
; Assembler                 ; DESKTOP-8740VKP  ; Windows 7 ; 6.2        ; x86_64         ;
; TimeQuest Timing Analyzer ; DESKTOP-8740VKP  ; Windows 7 ; 6.2        ; x86_64         ;
; EDA Netlist Writer        ; DESKTOP-8740VKP  ; Windows 7 ; 6.2        ; x86_64         ;
+---------------------------+------------------+-----------+------------+----------------+


------------
; Flow Log ;
------------
quartus_map --read_settings_files=on --write_settings_files=off flopenr32 -c flopenr32
quartus_fit --read_settings_files=off --write_settings_files=off flopenr32 -c flopenr32
quartus_asm --read_settings_files=off --write_settings_files=off flopenr32 -c flopenr32
quartus_sta flopenr32 -c flopenr32
quartus_eda --read_settings_files=off --write_settings_files=off flopenr32 -c flopenr32



