Flow report for Datapath
Wed May 01 22:18:38 2019
Quartus II 32-bit Version 12.0 Build 178 05/31/2012 SJ Web Edition


---------------------
; Table of Contents ;
---------------------
  1. Legal Notice
  2. Flow Summary
  3. Flow Settings
  4. Flow Non-Default Global Settings
  5. Flow Elapsed Time
  6. Flow OS Summary
  7. Flow Log



----------------
; Legal Notice ;
----------------
Copyright (C) 1991-2012 Altera Corporation
Your use of Altera Corporation's design tools, logic functions 
and other software and tools, and its AMPP partner logic 
functions, and any output files from any of the foregoing 
(including device programming or simulation files), and any 
associated documentation or information are expressly subject 
to the terms and conditions of the Altera Program License 
Subscription Agreement, Altera MegaCore Function License 
Agreement, or other applicable license agreement, including, 
without limitation, that your use is for the sole purpose of 
programming logic devices manufactured by Altera and sold by 
Altera or its authorized distributors.  Please refer to the 
applicable agreement for further details.



+-------------------------------------------------------------------------------+
; Flow Summary                                                                  ;
+------------------------------------+------------------------------------------+
; Flow Status                        ; Successful - Wed May 01 22:18:38 2019    ;
; Quartus II 32-bit Version          ; 12.0 Build 178 05/31/2012 SJ Web Edition ;
; Revision Name                      ; Datapath                                 ;
; Top-level Entity Name              ; Datapath                                 ;
; Family                             ; Cyclone IV E                             ;
; Total logic elements               ; 2,331 / 6,272 ( 37 % )                   ;
;     Total combinational functions  ; 1,787 / 6,272 ( 28 % )                   ;
;     Dedicated logic registers      ; 1,210 / 6,272 ( 19 % )                   ;
; Total registers                    ; 1210                                     ;
; Total pins                         ; 114 / 180 ( 63 % )                       ;
; Total virtual pins                 ; 0                                        ;
; Total memory bits                  ; 0 / 276,480 ( 0 % )                      ;
; Embedded Multiplier 9-bit elements ; 0 / 30 ( 0 % )                           ;
; Total PLLs                         ; 0 / 2 ( 0 % )                            ;
; Device                             ; EP4CE6F17C6                              ;
; Timing Models                      ; Final                                    ;
+------------------------------------+------------------------------------------+


+-----------------------------------------+
; Flow Settings                           ;
+-------------------+---------------------+
; Option            ; Setting             ;
+-------------------+---------------------+
; Start date & time ; 05/01/2019 22:15:56 ;
; Main task         ; Compilation         ;
; Revision Name     ; Datapath            ;
+-------------------+---------------------+


+-----------------------------------------------------------------------------------------------------------------------+
; Flow Non-Default Global Settings                                                                                      ;
+--------------------------------------+---------------------------------+---------------+-------------+----------------+
; Assignment Name                      ; Value                           ; Default Value ; Entity Name ; Section Id     ;
+--------------------------------------+---------------------------------+---------------+-------------+----------------+
; COMPILER_SIGNATURE_ID                ; 141761633997668.155675975502548 ; --            ; --          ; --             ;
; EDA_DESIGN_INSTANCE_NAME             ; NA                              ; --            ; --          ; Datapath_tb    ;
; EDA_NATIVELINK_SIMULATION_TEST_BENCH ; Datapath_tb                     ; --            ; --          ; eda_simulation ;
; EDA_OUTPUT_DATA_FORMAT               ; Systemverilog Hdl               ; --            ; --          ; eda_simulation ;
; EDA_SIMULATION_TOOL                  ; ModelSim-Altera (SystemVerilog) ; <None>        ; --          ; --             ;
; EDA_TEST_BENCH_ENABLE_STATUS         ; TEST_BENCH_MODE                 ; --            ; --          ; eda_simulation ;
; EDA_TEST_BENCH_FILE                  ; testbench/Datapath_tb.sv        ; --            ; --          ; Datapath_tb    ;
; EDA_TEST_BENCH_MODULE_NAME           ; Datapath_tb                     ; --            ; --          ; Datapath_tb    ;
; EDA_TEST_BENCH_NAME                  ; Datapath_tb                     ; --            ; --          ; eda_simulation ;
; EDA_TIME_SCALE                       ; 1 ps                            ; --            ; --          ; eda_simulation ;
; PARTITION_COLOR                      ; 16764057                        ; --            ; --          ; Top            ;
; PARTITION_FITTER_PRESERVATION_LEVEL  ; PLACEMENT_AND_ROUTING           ; --            ; --          ; Top            ;
; PARTITION_NETLIST_TYPE               ; SOURCE                          ; --            ; --          ; Top            ;
; PROJECT_OUTPUT_DIRECTORY             ; output_files                    ; --            ; --          ; --             ;
+--------------------------------------+---------------------------------+---------------+-------------+----------------+


+-------------------------------------------------------------------------------------------------------------------------------+
; Flow Elapsed Time                                                                                                             ;
+---------------------------+--------------+-------------------------+---------------------+------------------------------------+
; Module Name               ; Elapsed Time ; Average Processors Used ; Peak Virtual Memory ; Total CPU Time (on all processors) ;
+---------------------------+--------------+-------------------------+---------------------+------------------------------------+
; Analysis & Synthesis      ; 00:00:30     ; 1.0                     ; 370 MB              ; 00:00:24                           ;
; Fitter                    ; 00:01:11     ; 1.0                     ; 516 MB              ; 00:01:08                           ;
; Assembler                 ; 00:00:14     ; 1.0                     ; 358 MB              ; 00:00:10                           ;
; TimeQuest Timing Analyzer ; 00:00:30     ; 1.0                     ; 399 MB              ; 00:00:19                           ;
; EDA Netlist Writer        ; 00:00:23     ; 1.0                     ; 343 MB              ; 00:00:18                           ;
; Total                     ; 00:02:48     ; --                      ; --                  ; 00:02:19                           ;
+---------------------------+--------------+-------------------------+---------------------+------------------------------------+


+----------------------------------------------------------------------------------------+
; Flow OS Summary                                                                        ;
+---------------------------+------------------+-----------+------------+----------------+
; Module Name               ; Machine Hostname ; OS Name   ; OS Version ; Processor type ;
+---------------------------+------------------+-----------+------------+----------------+
; Analysis & Synthesis      ; DESKTOP-8740VKP  ; Windows 7 ; 6.2        ; x86_64         ;
; Fitter                    ; DESKTOP-8740VKP  ; Windows 7 ; 6.2        ; x86_64         ;
; Assembler                 ; DESKTOP-8740VKP  ; Windows 7 ; 6.2        ; x86_64         ;
; TimeQuest Timing Analyzer ; DESKTOP-8740VKP  ; Windows 7 ; 6.2        ; x86_64         ;
; EDA Netlist Writer        ; DESKTOP-8740VKP  ; Windows 7 ; 6.2        ; x86_64         ;
+---------------------------+------------------+-----------+------------+----------------+


------------
; Flow Log ;
------------
quartus_map --read_settings_files=on --write_settings_files=off Datapath -c Datapath
quartus_fit --read_settings_files=off --write_settings_files=off Datapath -c Datapath
quartus_asm --read_settings_files=off --write_settings_files=off Datapath -c Datapath
quartus_sta Datapath -c Datapath
quartus_eda --read_settings_files=off --write_settings_files=off Datapath -c Datapath



