Flow report for mux8
Mon Apr 15 17:04:15 2019
Quartus II 32-bit Version 12.0 Build 178 05/31/2012 SJ Web Edition


---------------------
; Table of Contents ;
---------------------
  1. Legal Notice
  2. Flow Summary
  3. Flow Settings
  4. Flow Non-Default Global Settings
  5. Flow Elapsed Time
  6. Flow OS Summary
  7. Flow Log



----------------
; Legal Notice ;
----------------
Copyright (C) 1991-2012 Altera Corporation
Your use of Altera Corporation's design tools, logic functions 
and other software and tools, and its AMPP partner logic 
functions, and any output files from any of the foregoing 
(including device programming or simulation files), and any 
associated documentation or information are expressly subject 
to the terms and conditions of the Altera Program License 
Subscription Agreement, Altera MegaCore Function License 
Agreement, or other applicable license agreement, including, 
without limitation, that your use is for the sole purpose of 
programming logic devices manufactured by Altera and sold by 
Altera or its authorized distributors.  Please refer to the 
applicable agreement for further details.



+-------------------------------------------------------------------------------+
; Flow Summary                                                                  ;
+------------------------------------+------------------------------------------+
; Flow Status                        ; Successful - Mon Apr 15 17:04:15 2019    ;
; Quartus II 32-bit Version          ; 12.0 Build 178 05/31/2012 SJ Web Edition ;
; Revision Name                      ; mux8                                     ;
; Top-level Entity Name              ; mux8                                     ;
; Family                             ; Cyclone IV GX                            ;
; Total logic elements               ; 6 / 14,400 ( < 1 % )                     ;
;     Total combinational functions  ; 6 / 14,400 ( < 1 % )                     ;
;     Dedicated logic registers      ; 0 / 14,400 ( 0 % )                       ;
; Total registers                    ; 0                                        ;
; Total pins                         ; 12 / 81 ( 15 % )                         ;
; Total virtual pins                 ; 0                                        ;
; Total memory bits                  ; 0 / 552,960 ( 0 % )                      ;
; Embedded Multiplier 9-bit elements ; 0                                        ;
; Total GXB Receiver Channel PCS     ; 0 / 2 ( 0 % )                            ;
; Total GXB Receiver Channel PMA     ; 0 / 2 ( 0 % )                            ;
; Total GXB Transmitter Channel PCS  ; 0 / 2 ( 0 % )                            ;
; Total GXB Transmitter Channel PMA  ; 0 / 2 ( 0 % )                            ;
; Total PLLs                         ; 0 / 3 ( 0 % )                            ;
; Device                             ; EP4CGX15BF14C6                           ;
; Timing Models                      ; Final                                    ;
+------------------------------------+------------------------------------------+


+-----------------------------------------+
; Flow Settings                           ;
+-------------------+---------------------+
; Option            ; Setting             ;
+-------------------+---------------------+
; Start date & time ; 04/15/2019 17:02:57 ;
; Main task         ; Compilation         ;
; Revision Name     ; mux8                ;
+-------------------+---------------------+


+-----------------------------------------------------------------------------------------------------------------------------+
; Flow Non-Default Global Settings                                                                                            ;
+--------------------------------------+---------------------------------+---------------+-------------+----------------------+
; Assignment Name                      ; Value                           ; Default Value ; Entity Name ; Section Id           ;
+--------------------------------------+---------------------------------+---------------+-------------+----------------------+
; COMPILER_SIGNATURE_ID                ; 141761633997668.155535857504480 ; --            ; --          ; --                   ;
; EDA_DESIGN_ENTRY_SYNTHESIS_TOOL      ; Design Compiler                 ; <None>        ; --          ; --                   ;
; EDA_DESIGN_INSTANCE_NAME             ; duv                             ; --            ; --          ; mux8_tb              ;
; EDA_INPUT_DATA_FORMAT                ; Verilog Hdl                     ; --            ; --          ; eda_design_synthesis ;
; EDA_INPUT_VCC_NAME                   ; Vdd                             ; --            ; --          ; eda_design_synthesis ;
; EDA_LMF_FILE                         ; altsyn.lmf                      ; --            ; --          ; eda_design_synthesis ;
; EDA_NATIVELINK_SIMULATION_TEST_BENCH ; mux8_tb                         ; --            ; --          ; eda_simulation       ;
; EDA_OUTPUT_DATA_FORMAT               ; Systemverilog Hdl               ; --            ; --          ; eda_simulation       ;
; EDA_SIMULATION_TOOL                  ; ModelSim-Altera (SystemVerilog) ; <None>        ; --          ; --                   ;
; EDA_TEST_BENCH_ENABLE_STATUS         ; TEST_BENCH_MODE                 ; --            ; --          ; eda_simulation       ;
; EDA_TEST_BENCH_FILE                  ; Testbench/mux8_tb.sv            ; --            ; --          ; mux8_tb              ;
; EDA_TEST_BENCH_MODULE_NAME           ; mux8_tb                         ; --            ; --          ; mux8_tb              ;
; EDA_TEST_BENCH_NAME                  ; mux8_tb                         ; --            ; --          ; eda_simulation       ;
; EDA_TIME_SCALE                       ; 1 ps                            ; --            ; --          ; eda_simulation       ;
; PARTITION_COLOR                      ; 16764057                        ; --            ; --          ; Top                  ;
; PARTITION_FITTER_PRESERVATION_LEVEL  ; PLACEMENT_AND_ROUTING           ; --            ; --          ; Top                  ;
; PARTITION_NETLIST_TYPE               ; SOURCE                          ; --            ; --          ; Top                  ;
+--------------------------------------+---------------------------------+---------------+-------------+----------------------+


+-------------------------------------------------------------------------------------------------------------------------------+
; Flow Elapsed Time                                                                                                             ;
+---------------------------+--------------+-------------------------+---------------------+------------------------------------+
; Module Name               ; Elapsed Time ; Average Processors Used ; Peak Virtual Memory ; Total CPU Time (on all processors) ;
+---------------------------+--------------+-------------------------+---------------------+------------------------------------+
; Analysis & Synthesis      ; 00:00:12     ; 1.0                     ; 376 MB              ; 00:00:09                           ;
; Fitter                    ; 00:00:23     ; 1.0                     ; 526 MB              ; 00:00:20                           ;
; Assembler                 ; 00:00:19     ; 1.0                     ; 384 MB              ; 00:00:11                           ;
; TimeQuest Timing Analyzer ; 00:00:29     ; 1.0                     ; 388 MB              ; 00:00:12                           ;
; EDA Netlist Writer        ; 00:00:11     ; 1.0                     ; 357 MB              ; 00:00:09                           ;
; Total                     ; 00:01:34     ; --                      ; --                  ; 00:01:01                           ;
+---------------------------+--------------+-------------------------+---------------------+------------------------------------+


+----------------------------------------------------------------------------------------+
; Flow OS Summary                                                                        ;
+---------------------------+------------------+-----------+------------+----------------+
; Module Name               ; Machine Hostname ; OS Name   ; OS Version ; Processor type ;
+---------------------------+------------------+-----------+------------+----------------+
; Analysis & Synthesis      ; DESKTOP-8740VKP  ; Windows 7 ; 6.2        ; x86_64         ;
; Fitter                    ; DESKTOP-8740VKP  ; Windows 7 ; 6.2        ; x86_64         ;
; Assembler                 ; DESKTOP-8740VKP  ; Windows 7 ; 6.2        ; x86_64         ;
; TimeQuest Timing Analyzer ; DESKTOP-8740VKP  ; Windows 7 ; 6.2        ; x86_64         ;
; EDA Netlist Writer        ; DESKTOP-8740VKP  ; Windows 7 ; 6.2        ; x86_64         ;
+---------------------------+------------------+-----------+------------+----------------+


------------
; Flow Log ;
------------
quartus_map --read_settings_files=on --write_settings_files=off mux8 -c mux8
quartus_fit --read_settings_files=off --write_settings_files=off mux8 -c mux8
quartus_asm --read_settings_files=off --write_settings_files=off mux8 -c mux8
quartus_sta mux8 -c mux8
quartus_eda --read_settings_files=off --write_settings_files=off mux8 -c mux8



