Flow report for register
Tue Apr 09 02:09:38 2019
Quartus II 32-bit Version 12.0 Build 178 05/31/2012 SJ Web Edition


---------------------
; Table of Contents ;
---------------------
  1. Legal Notice
  2. Flow Summary
  3. Flow Settings
  4. Flow Non-Default Global Settings
  5. Flow Elapsed Time
  6. Flow OS Summary
  7. Flow Log



----------------
; Legal Notice ;
----------------
Copyright (C) 1991-2012 Altera Corporation
Your use of Altera Corporation's design tools, logic functions 
and other software and tools, and its AMPP partner logic 
functions, and any output files from any of the foregoing 
(including device programming or simulation files), and any 
associated documentation or information are expressly subject 
to the terms and conditions of the Altera Program License 
Subscription Agreement, Altera MegaCore Function License 
Agreement, or other applicable license agreement, including, 
without limitation, that your use is for the sole purpose of 
programming logic devices manufactured by Altera and sold by 
Altera or its authorized distributors.  Please refer to the 
applicable agreement for further details.



+-------------------------------------------------------------------------------+
; Flow Summary                                                                  ;
+------------------------------------+------------------------------------------+
; Flow Status                        ; Successful - Tue Apr 09 02:09:38 2019    ;
; Quartus II 32-bit Version          ; 12.0 Build 178 05/31/2012 SJ Web Edition ;
; Revision Name                      ; register                                 ;
; Top-level Entity Name              ; register                                 ;
; Family                             ; Cyclone IV GX                            ;
; Total logic elements               ; 165 / 14,400 ( 1 % )                     ;
;     Total combinational functions  ; 165 / 14,400 ( 1 % )                     ;
;     Dedicated logic registers      ; 31 / 14,400 ( < 1 % )                    ;
; Total registers                    ; 31                                       ;
; Total pins                         ; 20 / 81 ( 25 % )                         ;
; Total virtual pins                 ; 0                                        ;
; Total memory bits                  ; 0 / 552,960 ( 0 % )                      ;
; Embedded Multiplier 9-bit elements ; 0                                        ;
; Total GXB Receiver Channel PCS     ; 0 / 2 ( 0 % )                            ;
; Total GXB Receiver Channel PMA     ; 0 / 2 ( 0 % )                            ;
; Total GXB Transmitter Channel PCS  ; 0 / 2 ( 0 % )                            ;
; Total GXB Transmitter Channel PMA  ; 0 / 2 ( 0 % )                            ;
; Total PLLs                         ; 0 / 3 ( 0 % )                            ;
; Device                             ; EP4CGX15BF14C6                           ;
; Timing Models                      ; Final                                    ;
+------------------------------------+------------------------------------------+


+-----------------------------------------+
; Flow Settings                           ;
+-------------------+---------------------+
; Option            ; Setting             ;
+-------------------+---------------------+
; Start date & time ; 04/09/2019 02:07:59 ;
; Main task         ; Compilation         ;
; Revision Name     ; register            ;
+-------------------+---------------------+


+-----------------------------------------------------------------------------------------------------------------------------+
; Flow Non-Default Global Settings                                                                                            ;
+--------------------------------------+---------------------------------+---------------+-------------+----------------------+
; Assignment Name                      ; Value                           ; Default Value ; Entity Name ; Section Id           ;
+--------------------------------------+---------------------------------+---------------+-------------+----------------------+
; COMPILER_SIGNATURE_ID                ; 141761633997668.155478647808400 ; --            ; --          ; --                   ;
; EDA_DESIGN_ENTRY_SYNTHESIS_TOOL      ; Design Compiler                 ; <None>        ; --          ; --                   ;
; EDA_DESIGN_INSTANCE_NAME             ; duv                             ; --            ; --          ; register_tb          ;
; EDA_INPUT_DATA_FORMAT                ; Verilog Hdl                     ; --            ; --          ; eda_design_synthesis ;
; EDA_INPUT_VCC_NAME                   ; Vdd                             ; --            ; --          ; eda_design_synthesis ;
; EDA_LMF_FILE                         ; altsyn.lmf                      ; --            ; --          ; eda_design_synthesis ;
; EDA_NATIVELINK_SIMULATION_TEST_BENCH ; register_tb                     ; --            ; --          ; eda_simulation       ;
; EDA_OUTPUT_DATA_FORMAT               ; Verilog Hdl                     ; --            ; --          ; eda_simulation       ;
; EDA_SIMULATION_TOOL                  ; ModelSim-Altera (Verilog)       ; <None>        ; --          ; --                   ;
; EDA_TEST_BENCH_ENABLE_STATUS         ; TEST_BENCH_MODE                 ; --            ; --          ; eda_simulation       ;
; EDA_TEST_BENCH_FILE                  ; Testbench/register_tb.sv        ; --            ; --          ; register_tb          ;
; EDA_TEST_BENCH_MODULE_NAME           ; register_tb                     ; --            ; --          ; register_tb          ;
; EDA_TEST_BENCH_NAME                  ; register_tb                     ; --            ; --          ; eda_simulation       ;
; EDA_TIME_SCALE                       ; 1 ps                            ; --            ; --          ; eda_simulation       ;
; PARTITION_COLOR                      ; 16764057                        ; --            ; --          ; Top                  ;
; PARTITION_FITTER_PRESERVATION_LEVEL  ; PLACEMENT_AND_ROUTING           ; --            ; --          ; Top                  ;
; PARTITION_NETLIST_TYPE               ; SOURCE                          ; --            ; --          ; Top                  ;
+--------------------------------------+---------------------------------+---------------+-------------+----------------------+


+-------------------------------------------------------------------------------------------------------------------------------+
; Flow Elapsed Time                                                                                                             ;
+---------------------------+--------------+-------------------------+---------------------+------------------------------------+
; Module Name               ; Elapsed Time ; Average Processors Used ; Peak Virtual Memory ; Total CPU Time (on all processors) ;
+---------------------------+--------------+-------------------------+---------------------+------------------------------------+
; Analysis & Synthesis      ; 00:00:17     ; 1.0                     ; 381 MB              ; 00:00:12                           ;
; Fitter                    ; 00:00:30     ; 1.0                     ; 525 MB              ; 00:00:24                           ;
; Assembler                 ; 00:00:18     ; 1.0                     ; 380 MB              ; 00:00:10                           ;
; TimeQuest Timing Analyzer ; 00:00:30     ; 1.0                     ; 394 MB              ; 00:00:13                           ;
; EDA Netlist Writer        ; 00:00:11     ; 1.0                     ; 357 MB              ; 00:00:09                           ;
; Total                     ; 00:01:46     ; --                      ; --                  ; 00:01:08                           ;
+---------------------------+--------------+-------------------------+---------------------+------------------------------------+


+----------------------------------------------------------------------------------------+
; Flow OS Summary                                                                        ;
+---------------------------+------------------+-----------+------------+----------------+
; Module Name               ; Machine Hostname ; OS Name   ; OS Version ; Processor type ;
+---------------------------+------------------+-----------+------------+----------------+
; Analysis & Synthesis      ; DESKTOP-8740VKP  ; Windows 7 ; 6.2        ; x86_64         ;
; Fitter                    ; DESKTOP-8740VKP  ; Windows 7 ; 6.2        ; x86_64         ;
; Assembler                 ; DESKTOP-8740VKP  ; Windows 7 ; 6.2        ; x86_64         ;
; TimeQuest Timing Analyzer ; DESKTOP-8740VKP  ; Windows 7 ; 6.2        ; x86_64         ;
; EDA Netlist Writer        ; DESKTOP-8740VKP  ; Windows 7 ; 6.2        ; x86_64         ;
+---------------------------+------------------+-----------+------------+----------------+


------------
; Flow Log ;
------------
quartus_map --read_settings_files=on --write_settings_files=off register -c register
quartus_fit --read_settings_files=off --write_settings_files=off register -c register
quartus_asm --read_settings_files=off --write_settings_files=off register -c register
quartus_sta register -c register
quartus_eda --read_settings_files=off --write_settings_files=off register -c register



